<?xml version="1.0" encoding="UTF-8"?>
<!-- Generated by org.testng.reporters.JUnitXMLReporter -->
<testsuite hostname="Taslim" ignored="0" name="Walmart Home" tests="3" failures="0" timestamp="2021-04-15T14:34:03 EDT" time="28.668" errors="0">
  <testcase name="homePage" time="0.019" classname="home.WalmartHomePage"/>
  <testcase name="checkTitle" time="0.019" classname="home.WalmartPageTitle"/>
  <testcase name="search" time="6.342" classname="home.WalmartSearch"/>
</testsuite> <!-- Walmart Home -->
