<?xml version="1.0" encoding="UTF-8"?>
<!-- Generated by org.testng.reporters.JUnitXMLReporter -->
<testsuite hostname="Taslim" ignored="0" name="Target Home" tests="3" failures="0" timestamp="2021-04-15T14:34:49 EDT" time="43.876" errors="0">
  <testcase name="homePage" time="0.016" classname="home.TargetHomePage"/>
  <testcase name="checkTitle" time="0.029" classname="home.TargetPageTitle"/>
  <testcase name="search" time="2.539" classname="home.TargetSearch"/>
</testsuite> <!-- Target Home -->
