<?xml version="1.0" encoding="UTF-8"?>
<testsuite xmlns:xsi="http://www.w3.org/2001/XMLSchema-instance" xsi:noNamespaceSchemaLocation="https://maven.apache.org/surefire/maven-surefire-plugin/xsd/surefire-test-report-3.0.xsd" version="3.0" name="TestSuite" time="37.595" tests="3" errors="0" skipped="0" failures="0">
  <properties>
[...]
</properties>
  <testcase name="homePage" classname="home.AmazonHomePage" time="0.356"/>
  <testcase name="checkTitle" classname="home.AmazonPageTitle" time="0.43"/>
  <testcase name="search" classname="home.AmazonSearch" time="6.097"/>
</testsuite>