<?xml version="1.0" encoding="UTF-8"?>
<!-- Generated by org.testng.reporters.JUnitXMLReporter -->
<testsuite hostname="Taslim" ignored="0" name="NYP Home" tests="3" failures="0" timestamp="2021-04-15T14:32:45 EDT" time="106.231" errors="0">
  <testcase name="home" time="0.114" classname="home.NYPostHomePage"/>
  <testcase name="getSectionNews" time="1.166" classname="home.NYPostSectionNews"/>
  <testcase name="search" time="0.0" classname="home.NYPostTestSearch"/>
</testsuite> <!-- NYP Home -->
