<?xml version="1.0" encoding="UTF-8"?>
<!-- Generated by org.testng.reporters.JUnitXMLReporter -->
<testsuite hostname="Taslim" ignored="0" name="Amazon Home" tests="3" failures="0" timestamp="2021-04-15T14:30:57 EDT" time="36.921" errors="0">
  <testcase name="homePage" time="0.355" classname="home.AmazonHomePage"/>
  <testcase name="checkTitle" time="0.43" classname="home.AmazonPageTitle"/>
  <testcase name="search" time="6.097" classname="home.AmazonSearch"/>
</testsuite> <!-- Amazon Home -->
