<?xml version="1.0" encoding="UTF-8"?>
<!-- Generated by org.testng.reporters.JUnitXMLReporter -->
<testsuite hostname="Taslim" ignored="0" name="Walgreens Home" tests="3" failures="0" timestamp="2021-04-15T14:36:02 EDT" time="40.039" errors="0">
  <testcase name="homePage" time="0.09" classname="home.WalgreensHomePage"/>
  <testcase name="checkTitle" time="0.082" classname="home.WalgreensPageTitle"/>
  <testcase name="search" time="10.469" classname="home.WalgreensSearch"/>
</testsuite> <!-- Walgreens Home -->
